<?xml version="1.0" encoding="UTF-8"?>
<!-- Generated by org.testng.reporters.JUnitXMLReporter -->
<testsuite ignored="2" hostname="Abhishek" failures="0" tests="3" name="Test" time="19.865" errors="0" timestamp="2024-04-06T12:37:52 IST">
  <testcase classname="testcases.RegisterTestCases" name="verifyRegisterationWithBlankData" time="2.889"/>
  <testcase classname="testcases.RegisterTestCases" name="verifyRegisterationWithInValidData" time="1.621"/>
  <testcase classname="testcases.LoginTestCases" name="ValidLoginTest" time="5.22"/>
  <testcase classname="com.Resources.baseClass2" name="@BeforeSuite ExtentReport" time="0.0">
    <ignored/>
  </testcase> <!-- @BeforeSuite ExtentReport -->
  <testcase classname="com.Resources.baseClass2" name="@AfterSuite endReport" time="0.0">
    <ignored/>
  </testcase> <!-- @AfterSuite endReport -->
</testsuite> <!-- Test -->
