<?xml version="1.0" encoding="UTF-8"?>
<testng-results ignored="2" total="5" passed="3" failed="0" skipped="0">
  <reporter-output>
  </reporter-output>
  <suite started-at="2024-04-06T12:37:32 IST" name="Suite" finished-at="2024-04-06T12:37:52 IST" duration-ms="19865">
    <groups>
    </groups>
    <test started-at="2024-04-06T12:37:32 IST" name="Test" finished-at="2024-04-06T12:37:52 IST" duration-ms="19865">
      <class name="testcases.RegisterTestCases">
        <test-method is-config="true" signature="ExtentReport()[pri:0, instance:testcases.RegisterTestCases@593aaf41]" started-at="2024-04-06T12:37:32 IST" name="ExtentReport" finished-at="2024-04-06T12:37:32 IST" duration-ms="477" status="PASS">
          <reporter-output>
          </reporter-output>
        </test-method> <!-- ExtentReport -->
        <test-method is-config="true" signature="launchBroswer()[pri:0, instance:testcases.RegisterTestCases@593aaf41]" started-at="2024-04-06T12:37:33 IST" name="launchBroswer" finished-at="2024-04-06T12:37:38 IST" duration-ms="5697" status="PASS">
          <reporter-output>
          </reporter-output>
        </test-method> <!-- launchBroswer -->
        <test-method signature="verifyRegisterationWithBlankData()[pri:0, instance:testcases.RegisterTestCases@593aaf41]" started-at="2024-04-06T12:37:38 IST" name="verifyRegisterationWithBlankData" finished-at="2024-04-06T12:37:41 IST" duration-ms="2889" status="PASS">
          <reporter-output>
          </reporter-output>
        </test-method> <!-- verifyRegisterationWithBlankData -->
        <test-method signature="verifyRegisterationWithInValidData()[pri:0, instance:testcases.RegisterTestCases@593aaf41]" started-at="2024-04-06T12:37:41 IST" name="verifyRegisterationWithInValidData" finished-at="2024-04-06T12:37:43 IST" depends-on-methods="testcases.RegisterTestCases.verifyRegisterationWithBlankData" duration-ms="1621" status="PASS">
          <reporter-output>
          </reporter-output>
        </test-method> <!-- verifyRegisterationWithInValidData -->
        <test-method is-config="true" signature="endReport()[pri:0, instance:testcases.RegisterTestCases@593aaf41]" started-at="2024-04-06T12:37:53 IST" name="endReport" finished-at="2024-04-06T12:37:53 IST" duration-ms="849" status="PASS">
          <reporter-output>
          </reporter-output>
        </test-method> <!-- endReport -->
      </class> <!-- testcases.RegisterTestCases -->
      <class name="testcases.LoginTestCases">
        <test-method is-config="true" signature="launchBroswer()[pri:0, instance:testcases.LoginTestCases@3ee37e5a]" started-at="2024-04-06T12:37:43 IST" name="launchBroswer" finished-at="2024-04-06T12:37:47 IST" duration-ms="4374" status="PASS">
          <reporter-output>
          </reporter-output>
        </test-method> <!-- launchBroswer -->
        <test-method signature="ValidLoginTest()[pri:0, instance:testcases.LoginTestCases@3ee37e5a]" started-at="2024-04-06T12:37:47 IST" name="ValidLoginTest" finished-at="2024-04-06T12:37:52 IST" duration-ms="5220" status="PASS">
          <reporter-output>
          </reporter-output>
        </test-method> <!-- ValidLoginTest -->
      </class> <!-- testcases.LoginTestCases -->
    </test> <!-- Test -->
  </suite> <!-- Suite -->
</testng-results>
